2025-10-23 09:56:42,451 - INFO - Succesfully read the YAML file
2025-10-23 09:56:42,451 - INFO - Data Ingestion Started....
2025-10-23 09:56:42,451 - INFO - Starting Data Ingestion Process....
2025-10-23 09:56:45,916 - INFO - Downloading Smaller Files ie anime and anime_with synopsis
2025-10-23 09:56:48,663 - INFO - Downloading Smaller Files ie anime and anime_with synopsis
2025-10-23 09:59:56,321 - INFO - Large file detected Only downloading 5M rows
2025-10-23 09:59:56,332 - INFO - Data Ingestion Completed...
2025-10-23 09:59:56,332 - INFO - Data Ingestion DONE...
2025-10-23 15:21:05,861 - INFO - DataProcessing Intialized
2025-10-23 15:21:07,376 - INFO - Data loaded sucesfully for Data Processing
2025-10-23 15:21:07,798 - INFO - Filtered users sucesfully...
2025-10-23 15:21:09,291 - INFO - Scalind done for Processing 
2025-10-23 15:21:09,494 - INFO - Encoding done for Users and Anime
2025-10-23 15:21:10,256 - INFO - Data splitted sucesfullyy
2025-10-23 15:21:10,273 - INFO - user2user_encoded saved sucesfully in processed directory
2025-10-23 15:21:10,302 - INFO - user2user_decoded saved sucesfully in processed directory
2025-10-23 15:21:10,375 - INFO - anim2anime_encoded saved sucesfully in processed directory
2025-10-23 15:21:10,424 - INFO - anim2anime_decoded saved sucesfully in processed directory
2025-10-23 15:21:15,569 - INFO - ALl the training testing data as well as rating_df is saved now..
2025-10-23 15:21:22,412 - INFO - DF AND SYNOPSIS_Df saved sucesfullyy...
2025-10-23 15:21:22,412 - INFO - Data Processing Pipeline Run sucesfully .... Congrats
2025-10-23 16:49:26,627 - INFO - Model Training & COMET ML initialized..
2025-10-23 16:49:28,722 - INFO - Data loaded sucesfully for Model Trainig
2025-10-23 16:49:28,838 - INFO - Succesfully read the YAML file
2025-10-23 16:49:28,838 - INFO - Loaded configuration from config.yaml
2025-10-23 16:49:29,122 - INFO - Model created sucesfully....
2025-10-23 16:50:22,612 - INFO - Model training Completedd.....
2025-10-23 16:50:22,612 - WARNING - You are saving your model as an HDF5 file via `model.save()` or `keras.saving.save_model(model)`. This file format is considered legacy. We recommend using instead the native Keras format, e.g. `model.save('my_model.keras')` or `keras.saving.save_model(model, 'my_model.keras')`. 
2025-10-23 16:50:22,712 - INFO - Model saved to artifacts/model\model.h5
2025-10-23 16:50:22,759 - INFO - Extracting weights for user_embedding
2025-10-23 16:50:22,770 - INFO - Extracting weights for anime_embedding
2025-10-23 16:50:22,829 - INFO - User and Anime weights saved sucesfully....
2025-10-23 16:57:42,758 - INFO - Model Training & COMET ML initialized..
2025-10-23 16:57:44,774 - INFO - Data loaded sucesfully for Model Trainig
2025-10-23 16:57:44,893 - INFO - Succesfully read the YAML file
2025-10-23 16:57:44,893 - INFO - Loaded configuration from config.yaml
2025-10-23 16:57:45,665 - INFO - Model created sucesfully....
2025-10-23 16:58:47,032 - INFO - Model training Completedd.....
2025-10-23 16:58:47,035 - WARNING - You are saving your model as an HDF5 file via `model.save()` or `keras.saving.save_model(model)`. This file format is considered legacy. We recommend using instead the native Keras format, e.g. `model.save('my_model.keras')` or `keras.saving.save_model(model, 'my_model.keras')`. 
2025-10-23 16:58:47,418 - INFO - Model saved to artifacts/model\model.h5
2025-10-23 16:58:47,485 - INFO - Extracting weights for user_embedding
2025-10-23 16:58:47,486 - INFO - Extracting weights for anime_embedding
2025-10-23 16:58:47,536 - INFO - User and Anime weights saved sucesfully....
2025-10-23 17:35:01,221 - INFO - DataProcessing Intialized
2025-10-23 17:35:02,953 - INFO - Data loaded sucesfully for Data Processing
2025-10-23 17:35:03,635 - INFO - Filtered users sucesfully...
2025-10-23 17:35:05,017 - INFO - Scalind done for Processing 
2025-10-23 17:35:05,168 - INFO - Encoding done for Users and Anime
2025-10-23 17:35:05,738 - INFO - Data splitted sucesfullyy
2025-10-23 17:35:05,773 - INFO - user2user_encoded saved sucesfully in processed directory
2025-10-23 17:35:05,784 - INFO - user2user_decoded saved sucesfully in processed directory
2025-10-23 17:35:05,817 - INFO - anim2anime_encoded saved sucesfully in processed directory
2025-10-23 17:35:05,867 - INFO - anim2anime_decoded saved sucesfully in processed directory
2025-10-23 17:35:10,480 - INFO - ALl the training testing data as well as rating_df is saved now..
2025-10-23 17:35:17,459 - INFO - DF AND SYNOPSIS_Df saved sucesfullyy...
2025-10-23 17:35:17,459 - INFO - Data Processing Pipeline Run sucesfully .... Congrats
2025-10-23 17:35:25,564 - INFO - Model Training & COMET ML initialized..
2025-10-23 17:35:25,661 - INFO - Data loaded sucesfully for Model Trainig
2025-10-23 17:35:25,707 - INFO - Succesfully read the YAML file
2025-10-23 17:35:25,707 - INFO - Loaded configuration from config.yaml
2025-10-23 17:35:27,582 - INFO - Model created sucesfully....
2025-10-23 17:36:28,403 - INFO - Model training Completedd.....
2025-10-23 17:36:28,405 - WARNING - You are saving your model as an HDF5 file via `model.save()` or `keras.saving.save_model(model)`. This file format is considered legacy. We recommend using instead the native Keras format, e.g. `model.save('my_model.keras')` or `keras.saving.save_model(model, 'my_model.keras')`. 
2025-10-23 17:36:28,663 - INFO - Model saved to artifacts/model\model.h5
2025-10-23 17:36:28,678 - INFO - Extracting weights for user_embedding
2025-10-23 17:36:28,712 - INFO - Extracting weights for anime_embedding
2025-10-23 17:36:28,779 - INFO - User and Anime weights saved sucesfully....
